<?xml version="1.0" encoding="UTF-8"?>
<!-- Generated by org.testng.reporters.JUnitReportReporter -->
<testsuite skipped="0" hostname="QINDW143" name="com.test.ta.TATestCases" tests="2" failures="0" timestamp="29 Jan 2019 10:05:04 GMT" time="126.706" errors="0">
  <testcase name="test1" time="67.705" classname="com.test.ta.TATestCases"/>
  <testcase name="test1" time="59.001" classname="com.test.ta.TATestCases"/>
</testsuite> <!-- com.test.ta.TATestCases -->
